Verification Loop
Verification Loop
Verification Loop
Failed to complete cronjob at ('*/10 * * * *', 'api.utils.scheduled_aadhar_verify', '>> /home/nishad/Desktop/final-year/backend/cron.log')
Traceback (most recent call last):
  File "/home/nishad/.local/lib/python3.8/site-packages/django/db/backends/utils.py", line 84, in _execute
    return self.cursor.execute(sql, params)
  File "/home/nishad/.local/lib/python3.8/site-packages/django/db/backends/mysql/base.py", line 73, in execute
    return self.cursor.execute(query, args)
  File "/home/nishad/.local/lib/python3.8/site-packages/MySQLdb/cursors.py", line 206, in execute
    res = self._query(query)
  File "/home/nishad/.local/lib/python3.8/site-packages/MySQLdb/cursors.py", line 319, in _query
    db.query(q)
  File "/home/nishad/.local/lib/python3.8/site-packages/MySQLdb/connections.py", line 259, in query
    _mysql.connection.query(self, query)
MySQLdb._exceptions.OperationalError: (1054, "Unknown column 'api_account.current_balance' in 'field list'")

The above exception was the direct cause of the following exception:

Traceback (most recent call last):
  File "/usr/local/lib/python3.8/dist-packages/django_crontab/crontab.py", line 145, in run_job
    func(*job_args, **job_kwargs)
  File "/home/nishad/Desktop/final-year/backend/api/utils.py", line 228, in scheduled_aadhar_verify
    if(len(users)>0):
  File "/home/nishad/.local/lib/python3.8/site-packages/django/db/models/query.py", line 269, in __len__
    self._fetch_all()
  File "/home/nishad/.local/lib/python3.8/site-packages/django/db/models/query.py", line 1308, in _fetch_all
    self._result_cache = list(self._iterable_class(self))
  File "/home/nishad/.local/lib/python3.8/site-packages/django/db/models/query.py", line 111, in __iter__
    for row in compiler.results_iter(chunked_fetch=self.chunked_fetch, chunk_size=self.chunk_size):
  File "/home/nishad/.local/lib/python3.8/site-packages/django/db/models/sql/compiler.py", line 1108, in results_iter
    results = self.execute_sql(MULTI, chunked_fetch=chunked_fetch, chunk_size=chunk_size)
  File "/home/nishad/.local/lib/python3.8/site-packages/django/db/models/sql/compiler.py", line 1156, in execute_sql
    cursor.execute(sql, params)
  File "/home/nishad/.local/lib/python3.8/site-packages/django/db/backends/utils.py", line 98, in execute
    return super().execute(sql, params)
  File "/home/nishad/.local/lib/python3.8/site-packages/django/db/backends/utils.py", line 66, in execute
    return self._execute_with_wrappers(sql, params, many=False, executor=self._execute)
  File "/home/nishad/.local/lib/python3.8/site-packages/django/db/backends/utils.py", line 75, in _execute_with_wrappers
    return executor(sql, params, many, context)
  File "/home/nishad/.local/lib/python3.8/site-packages/django/db/backends/utils.py", line 84, in _execute
    return self.cursor.execute(sql, params)
  File "/home/nishad/.local/lib/python3.8/site-packages/django/db/utils.py", line 90, in __exit__
    raise dj_exc_value.with_traceback(traceback) from exc_value
  File "/home/nishad/.local/lib/python3.8/site-packages/django/db/backends/utils.py", line 84, in _execute
    return self.cursor.execute(sql, params)
  File "/home/nishad/.local/lib/python3.8/site-packages/django/db/backends/mysql/base.py", line 73, in execute
    return self.cursor.execute(query, args)
  File "/home/nishad/.local/lib/python3.8/site-packages/MySQLdb/cursors.py", line 206, in execute
    res = self._query(query)
  File "/home/nishad/.local/lib/python3.8/site-packages/MySQLdb/cursors.py", line 319, in _query
    db.query(q)
  File "/home/nishad/.local/lib/python3.8/site-packages/MySQLdb/connections.py", line 259, in query
    _mysql.connection.query(self, query)
django.db.utils.OperationalError: (1054, "Unknown column 'api_account.current_balance' in 'field list'")
Verification Loop
Failed to complete cronjob at ('*/10 * * * *', 'api.utils.scheduled_aadhar_verify', '>> /home/nishad/Desktop/final-year/backend/cron.log')
Traceback (most recent call last):
  File "/home/nishad/.local/lib/python3.8/site-packages/django/db/backends/utils.py", line 84, in _execute
    return self.cursor.execute(sql, params)
  File "/home/nishad/.local/lib/python3.8/site-packages/django/db/backends/mysql/base.py", line 73, in execute
    return self.cursor.execute(query, args)
  File "/home/nishad/.local/lib/python3.8/site-packages/MySQLdb/cursors.py", line 206, in execute
    res = self._query(query)
  File "/home/nishad/.local/lib/python3.8/site-packages/MySQLdb/cursors.py", line 319, in _query
    db.query(q)
  File "/home/nishad/.local/lib/python3.8/site-packages/MySQLdb/connections.py", line 259, in query
    _mysql.connection.query(self, query)
MySQLdb._exceptions.OperationalError: (1054, "Unknown column 'api_account.current_balance' in 'field list'")

The above exception was the direct cause of the following exception:

Traceback (most recent call last):
  File "/usr/local/lib/python3.8/dist-packages/django_crontab/crontab.py", line 145, in run_job
    func(*job_args, **job_kwargs)
  File "/home/nishad/Desktop/final-year/backend/api/utils.py", line 228, in scheduled_aadhar_verify
    if(len(users)>0):
  File "/home/nishad/.local/lib/python3.8/site-packages/django/db/models/query.py", line 269, in __len__
    self._fetch_all()
  File "/home/nishad/.local/lib/python3.8/site-packages/django/db/models/query.py", line 1308, in _fetch_all
    self._result_cache = list(self._iterable_class(self))
  File "/home/nishad/.local/lib/python3.8/site-packages/django/db/models/query.py", line 111, in __iter__
    for row in compiler.results_iter(chunked_fetch=self.chunked_fetch, chunk_size=self.chunk_size):
  File "/home/nishad/.local/lib/python3.8/site-packages/django/db/models/sql/compiler.py", line 1108, in results_iter
    results = self.execute_sql(MULTI, chunked_fetch=chunked_fetch, chunk_size=chunk_size)
  File "/home/nishad/.local/lib/python3.8/site-packages/django/db/models/sql/compiler.py", line 1156, in execute_sql
    cursor.execute(sql, params)
  File "/home/nishad/.local/lib/python3.8/site-packages/django/db/backends/utils.py", line 98, in execute
    return super().execute(sql, params)
  File "/home/nishad/.local/lib/python3.8/site-packages/django/db/backends/utils.py", line 66, in execute
    return self._execute_with_wrappers(sql, params, many=False, executor=self._execute)
  File "/home/nishad/.local/lib/python3.8/site-packages/django/db/backends/utils.py", line 75, in _execute_with_wrappers
    return executor(sql, params, many, context)
  File "/home/nishad/.local/lib/python3.8/site-packages/django/db/backends/utils.py", line 84, in _execute
    return self.cursor.execute(sql, params)
  File "/home/nishad/.local/lib/python3.8/site-packages/django/db/utils.py", line 90, in __exit__
    raise dj_exc_value.with_traceback(traceback) from exc_value
  File "/home/nishad/.local/lib/python3.8/site-packages/django/db/backends/utils.py", line 84, in _execute
    return self.cursor.execute(sql, params)
  File "/home/nishad/.local/lib/python3.8/site-packages/django/db/backends/mysql/base.py", line 73, in execute
    return self.cursor.execute(query, args)
  File "/home/nishad/.local/lib/python3.8/site-packages/MySQLdb/cursors.py", line 206, in execute
    res = self._query(query)
  File "/home/nishad/.local/lib/python3.8/site-packages/MySQLdb/cursors.py", line 319, in _query
    db.query(q)
  File "/home/nishad/.local/lib/python3.8/site-packages/MySQLdb/connections.py", line 259, in query
    _mysql.connection.query(self, query)
django.db.utils.OperationalError: (1054, "Unknown column 'api_account.current_balance' in 'field list'")
Verification Loop
Failed to complete cronjob at ('*/10 * * * *', 'api.utils.scheduled_aadhar_verify', '>> /home/nishad/Desktop/final-year/backend/cron.log')
Traceback (most recent call last):
  File "/home/nishad/.local/lib/python3.8/site-packages/django/db/backends/utils.py", line 84, in _execute
    return self.cursor.execute(sql, params)
  File "/home/nishad/.local/lib/python3.8/site-packages/django/db/backends/mysql/base.py", line 73, in execute
    return self.cursor.execute(query, args)
  File "/home/nishad/.local/lib/python3.8/site-packages/MySQLdb/cursors.py", line 206, in execute
    res = self._query(query)
  File "/home/nishad/.local/lib/python3.8/site-packages/MySQLdb/cursors.py", line 319, in _query
    db.query(q)
  File "/home/nishad/.local/lib/python3.8/site-packages/MySQLdb/connections.py", line 259, in query
    _mysql.connection.query(self, query)
MySQLdb._exceptions.OperationalError: (1054, "Unknown column 'api_account.current_balance' in 'field list'")

The above exception was the direct cause of the following exception:

Traceback (most recent call last):
  File "/usr/local/lib/python3.8/dist-packages/django_crontab/crontab.py", line 145, in run_job
    func(*job_args, **job_kwargs)
  File "/home/nishad/Desktop/final-year/backend/api/utils.py", line 228, in scheduled_aadhar_verify
    if(len(users)>0):
  File "/home/nishad/.local/lib/python3.8/site-packages/django/db/models/query.py", line 269, in __len__
    self._fetch_all()
  File "/home/nishad/.local/lib/python3.8/site-packages/django/db/models/query.py", line 1308, in _fetch_all
    self._result_cache = list(self._iterable_class(self))
  File "/home/nishad/.local/lib/python3.8/site-packages/django/db/models/query.py", line 111, in __iter__
    for row in compiler.results_iter(chunked_fetch=self.chunked_fetch, chunk_size=self.chunk_size):
  File "/home/nishad/.local/lib/python3.8/site-packages/django/db/models/sql/compiler.py", line 1108, in results_iter
    results = self.execute_sql(MULTI, chunked_fetch=chunked_fetch, chunk_size=chunk_size)
  File "/home/nishad/.local/lib/python3.8/site-packages/django/db/models/sql/compiler.py", line 1156, in execute_sql
    cursor.execute(sql, params)
  File "/home/nishad/.local/lib/python3.8/site-packages/django/db/backends/utils.py", line 98, in execute
    return super().execute(sql, params)
  File "/home/nishad/.local/lib/python3.8/site-packages/django/db/backends/utils.py", line 66, in execute
    return self._execute_with_wrappers(sql, params, many=False, executor=self._execute)
  File "/home/nishad/.local/lib/python3.8/site-packages/django/db/backends/utils.py", line 75, in _execute_with_wrappers
    return executor(sql, params, many, context)
  File "/home/nishad/.local/lib/python3.8/site-packages/django/db/backends/utils.py", line 84, in _execute
    return self.cursor.execute(sql, params)
  File "/home/nishad/.local/lib/python3.8/site-packages/django/db/utils.py", line 90, in __exit__
    raise dj_exc_value.with_traceback(traceback) from exc_value
  File "/home/nishad/.local/lib/python3.8/site-packages/django/db/backends/utils.py", line 84, in _execute
    return self.cursor.execute(sql, params)
  File "/home/nishad/.local/lib/python3.8/site-packages/django/db/backends/mysql/base.py", line 73, in execute
    return self.cursor.execute(query, args)
  File "/home/nishad/.local/lib/python3.8/site-packages/MySQLdb/cursors.py", line 206, in execute
    res = self._query(query)
  File "/home/nishad/.local/lib/python3.8/site-packages/MySQLdb/cursors.py", line 319, in _query
    db.query(q)
  File "/home/nishad/.local/lib/python3.8/site-packages/MySQLdb/connections.py", line 259, in query
    _mysql.connection.query(self, query)
django.db.utils.OperationalError: (1054, "Unknown column 'api_account.current_balance' in 'field list'")
Verification Loop
Failed to complete cronjob at ('*/10 * * * *', 'api.utils.scheduled_aadhar_verify', '>> /home/nishad/Desktop/final-year/backend/cron.log')
Traceback (most recent call last):
  File "/home/nishad/.local/lib/python3.8/site-packages/django/db/backends/utils.py", line 84, in _execute
    return self.cursor.execute(sql, params)
  File "/home/nishad/.local/lib/python3.8/site-packages/django/db/backends/mysql/base.py", line 73, in execute
    return self.cursor.execute(query, args)
  File "/home/nishad/.local/lib/python3.8/site-packages/MySQLdb/cursors.py", line 206, in execute
    res = self._query(query)
  File "/home/nishad/.local/lib/python3.8/site-packages/MySQLdb/cursors.py", line 319, in _query
    db.query(q)
  File "/home/nishad/.local/lib/python3.8/site-packages/MySQLdb/connections.py", line 259, in query
    _mysql.connection.query(self, query)
MySQLdb._exceptions.OperationalError: (1054, "Unknown column 'api_account.current_balance' in 'field list'")

The above exception was the direct cause of the following exception:

Traceback (most recent call last):
  File "/usr/local/lib/python3.8/dist-packages/django_crontab/crontab.py", line 145, in run_job
    func(*job_args, **job_kwargs)
  File "/home/nishad/Desktop/final-year/backend/api/utils.py", line 228, in scheduled_aadhar_verify
    if(len(users)>0):
  File "/home/nishad/.local/lib/python3.8/site-packages/django/db/models/query.py", line 269, in __len__
    self._fetch_all()
  File "/home/nishad/.local/lib/python3.8/site-packages/django/db/models/query.py", line 1308, in _fetch_all
    self._result_cache = list(self._iterable_class(self))
  File "/home/nishad/.local/lib/python3.8/site-packages/django/db/models/query.py", line 111, in __iter__
    for row in compiler.results_iter(chunked_fetch=self.chunked_fetch, chunk_size=self.chunk_size):
  File "/home/nishad/.local/lib/python3.8/site-packages/django/db/models/sql/compiler.py", line 1108, in results_iter
    results = self.execute_sql(MULTI, chunked_fetch=chunked_fetch, chunk_size=chunk_size)
  File "/home/nishad/.local/lib/python3.8/site-packages/django/db/models/sql/compiler.py", line 1156, in execute_sql
    cursor.execute(sql, params)
  File "/home/nishad/.local/lib/python3.8/site-packages/django/db/backends/utils.py", line 98, in execute
    return super().execute(sql, params)
  File "/home/nishad/.local/lib/python3.8/site-packages/django/db/backends/utils.py", line 66, in execute
    return self._execute_with_wrappers(sql, params, many=False, executor=self._execute)
  File "/home/nishad/.local/lib/python3.8/site-packages/django/db/backends/utils.py", line 75, in _execute_with_wrappers
    return executor(sql, params, many, context)
  File "/home/nishad/.local/lib/python3.8/site-packages/django/db/backends/utils.py", line 84, in _execute
    return self.cursor.execute(sql, params)
  File "/home/nishad/.local/lib/python3.8/site-packages/django/db/utils.py", line 90, in __exit__
    raise dj_exc_value.with_traceback(traceback) from exc_value
  File "/home/nishad/.local/lib/python3.8/site-packages/django/db/backends/utils.py", line 84, in _execute
    return self.cursor.execute(sql, params)
  File "/home/nishad/.local/lib/python3.8/site-packages/django/db/backends/mysql/base.py", line 73, in execute
    return self.cursor.execute(query, args)
  File "/home/nishad/.local/lib/python3.8/site-packages/MySQLdb/cursors.py", line 206, in execute
    res = self._query(query)
  File "/home/nishad/.local/lib/python3.8/site-packages/MySQLdb/cursors.py", line 319, in _query
    db.query(q)
  File "/home/nishad/.local/lib/python3.8/site-packages/MySQLdb/connections.py", line 259, in query
    _mysql.connection.query(self, query)
django.db.utils.OperationalError: (1054, "Unknown column 'api_account.current_balance' in 'field list'")
Verification Loop
Verification Loop
Verification Loop
Verification Loop
Verification Loop
Verification Loop
Verification Loop
Verification Loop
Verification Loop
Verification Loop
Verification Loop
Verification Loop
Verification Loop
Verification Loop
Verification Loop
Verification Loop
Verification Loop
Verification Loop
Verification Loop
Verification Loop
Verification Loop
Verification Loop
Verification Loop
Verification Loop
Verification Loop
Verification Loop
Verification Loop
Verification Loop
Verification Loop
Verification Loop
Verification Loop
Verification Loop
Verification Loop
Verification Loop
Verification Loop
Verification Loop
Verification Loop
Verification Loop
Verification Loop
Verification Loop
Verification Loop
Verification Loop
Verification Loop
Verification Loop
Verification Loop
Verification Loop
Verification Loop
Verification Loop
Verification Loop
Verification Loop
Verification Loop
Verification Loop
Verification Loop
Verification Loop
Verification Loop
Verification Loop
Verification Loop
Verification Loop
Verification Loop
Verification Loop
Verification Loop
Verification Loop
Verification Loop
Verification Loop
Verification Loop
Verification Loop
Verification Loop
Verification Loop
Verification Loop
Verification Loop
Verification Loop
Verification Loop
Verification Loop
Verification Loop
Verification Loop
Verification Loop
Verification Loop
Verification Loop
Verification Loop
Verification Loop
Verification Loop
Verification Loop
Verification Loop
Verification Loop
Verification Loop
Verification Loop
Verification Loop
Verification Loop
Verification Loop
Verification Loop
Verification Loop
Verification Loop
Verification Loop
Verification Loop
Verification Loop
Verification Loop
Verification Loop
Verification Loop
Verification Loop
Verification Loop
Verification Loop
Verification Loop
Verification Loop
Verification Loop
Verification Loop
Verification Loop
Verification Loop
Verification Loop
Verification Loop
Verification Loop
Verification Loop
Verification Loop
Verification Loop
Verification Loop
Verification Loop
Verification Loop
Verification Loop
Verification Loop
Verification Loop
Verification Loop
Verification Loop
Verification Loop
Verification Loop
Verification Loop
Verification Loop
Verification Loop
Verification Loop
Verification Loop
Verification Loop
Verification Loop
Verification Loop
Verification Loop
Verification Loop
Verification Loop
Verification Loop
Verification Loop
Verification Loop
Verification Loop
Verification Loop
Verification Loop
Verification Loop
Verification Loop
Verification Loop
Verification Loop
Verification Loop
Verification Loop
Verification Loop
Verification Loop
Verification Loop
Verification Loop
Verification Loop
Verification Loop
Verification Loop
Verification Loop
Verification Loop
Verification Loop
Verification Loop
Verification Loop
Verification Loop
Verification Loop
Verification Loop
Verification Loop
Verification Loop
Verification Loop
Verification Loop
Verification Loop
Verification Loop
Verification Loop
Verification Loop
Verification Loop
Verification Loop
Verification Loop
Verification Loop
Verification Loop
Verification Loop
Verification Loop
Verification Loop
Verification Loop
Verification Loop
Verification Loop
Verification Loop
Verification Loop
Verification Loop
Verification Loop
Verification Loop
Verification Loop
Verification Loop
Verification Loop
Verification Loop
Verification Loop
Verification Loop
Verification Loop
Verification Loop
Verification Loop
Verification Loop
Verification Loop
Verification Loop
Verification Loop
Verification Loop
Verification Loop
Verification Loop
Verification Loop
Verification Loop
Verification Loop
Verification Loop
Verification Loop
Verification Loop
Verification Loop
Verification Loop
Verification Loop
Verification Loop
Verification Loop
                  Verification Loop
Verification Loop
Verification Loop
Verification Loop
Verification Loop
Verification Loop
Verification Loop
Verification Loop
Verification Loop
Verification Loop
Verification Loop
Verification Loop
Verification Loop
Verification Loop
Verification Loop
Verification Loop
Verification Loop
Verification Loop
Verification Loop
Verification Loop
Verification Loop
Verification Loop
Verification Loop
Verification Loop
Verification Loop
Verification Loop
Verification Loop
Verification Loop
Verification Loop
Verification Loop
Verification Loop
Verification Loop
Verification Loop
Verification Loop
Verification Loop
Verification Loop
Verification Loop
Verification Loop
Verification Loop
Verification Loop
Verification Loop
Verification Loop
Verification Loop
Verification Loop
Verification Loop
Verification Loop
Verification Loop
Verification Loop
Verification Loop
Verification Loop
Verification Loop
Verification Loop
Verification Loop
Verification Loop
Verification Loop
Verification Loop
Verification Loop
Verification Loop
Verification Loop
Verification Loop
Verification Loop
Verification Loop
Verification Loop
Verification Loop
Verification Loop
Verification Loop
Verification Loop
Verification Loop
Verification Loop
Verification Loop
Verification Loop
Verification Loop
Verification Loop
Verification Loop
Verification Loop
Verification Loop
Verification Loop
Verification Loop
Verification Loop
Verification Loop
Verification Loop
Verification Loop
Verification Loop
Verification Loop
Verification Loop
Verification Loop
Verification Loop
Verification Loop
Verification Loop
Verification Loop
Verification Loop
Verification Loop
Verification Loop
Verification Loop
Verification Loop
Verification Loop
Verification Loop
Verification Loop
Verification Loop
Verification Loop
Verification Loop
Verification Loop
Verification Loop
Verification Loop
Verification Loop
Verification Loop
Verification Loop
Verification Loop
Verification Loop
Verification Loop
Verification Loop
Verification Loop
Verification Loop
Verification Loop
Verification Loop
Verification Loop
Verification Loop
Verification Loop
Verification Loop
Verification Loop
Verification Loop
Verification Loop
Verification Loop
Verification Loop
Verification Loop
Verification Loop
Verification Loop
Verification Loop
Verification Loop
Verification Loop
Verification Loop
Verification Loop
Verification Loop
Verification Loop
Verification Loop
Verification Loop
Verification Loop
Verification Loop
Verification Loop
Verification Loop
Verification Loop
Verification Loop
Verification Loop
Verification Loop
Verification Loop
Verification Loop
Verification Loop
Verification Loop
Verification Loop
Verification Loop
Verification Loop
Verification Loop
Verification Loop
Verification Loop
Verification Loop
Verification Loop
Verification Loop
Verification Loop
Verification Loop
Verification Loop
Verification Loop
Verification Loop
Verification Loop
Verification Loop
Verification Loop
Verification Loop
Verification Loop
Verification Loop
Verification Loop
Verification Loop
Verification Loop
Verification Loop
Verification Loop
Verification Loop
Verification Loop
Verification Loop
Verification Loop
Verification Loop
Verification Loop
Verification Loop
Verification Loop
Verification Loop
Verification Loop
Verification Loop
Verification Loop
Verification Loop
Verification Loop
Verification Loop
Verification Loop
Verification Loop
Verification Loop
Verification Loop
Verification Loop
Verification Loop
Verification Loop
Verification Loop
Verification Loop
Verification Loop
Verification Loop
Verification Loop
Verification Loop
Verification Loop
Verification Loop
Verification Loop
Verification Loop
Verification Loop
Verification Loop
Verification Loop
Verification Loop
Verification Loop
Verification Loop
Verification Loop
Verification Loop
Verification Loop
Verification Loop
Verification Loop
Verification Loop
Verification Loop
Verification Loop
Verification Loop
Verification Loop
Verification Loop
Verification Loop
Verification Loop
Verification Loop
Verification Loop
Verification Loop
Verification Loop
Verification Loop
Verification Loop
Verification Loop
Verification Loop
Verification Loop
Verification Loop
Verification Loop
Verification Loop
Verification Loop
Verification Loop
Verification Loop
Verification Loop
Verification Loop
Verification Loop
Verification Loop
Verification Loop
Verification Loop
Verification Loop
Verification Loop
Verification Loop
Verification Loop
Verification Loop
Verification Loop
Verification Loop
Verification Loop
Verification Loop
Verification Loop
Verification Loop
Verification Loop
Verification Loop
Verification Loop
Verification Loop
Verification Loop
Verification Loop
Verification Loop
Verification Loop
Verification Loop
Verification Loop
Verification Loop
Verification Loop
Verification Loop
Verification Loop
Verification Loop
Verification Loop
Verification Loop
Verification Loop
Verification Loop
Verification Loop
Verification Loop
Verification Loop
Verification Loop
Verification Loop
Verification Loop
Verification Loop
Verification Loop
Verification Loop
Verification Loop
Verification Loop
Verification Loop
Verification Loop
Verification Loop
Verification Loop
Verification Loop
Verification Loop
Verification Loop
Verification Loop
Verification Loop
Verification Loop
Verification Loop
Verification Loop
Verification Loop
Verification Loop
Verification Loop
Verification Loop
Verification Loop
Verification Loop
Verification Loop
Verification Loop
Verification Loop
Verification Loop
Verification Loop
Verification Loop
Verification Loop
Verification Loop
Verification Loop
Verification Loop
Verification Loop
Verification Loop
Verification Loop
Verification Loop
Verification Loop
Verification Loop
Verification Loop
Verification Loop
Verification Loop
Verification Loop
Verification Loop
Verification Loop
Verification Loop
Verification Loop
Verification Loop
Verification Loop
Verification Loop
Verification Loop
                  Verification Loop
Verification Loop
Verification Loop
Verification Loop
Verification Loop
Verification Loop
Verification Loop
Verification Loop
Verification Loop
Verification Loop
Verification Loop
Verification Loop
Verification Loop
Verification Loop
Verification Loop
Verification Loop
Verification Loop
Verification Loop
Verification Loop
Verification Loop
Verification Loop
Verification Loop
Verification Loop
Verification Loop
Verification Loop
Verification Loop
Verification Loop
Verification Loop
Verification Loop
Verification Loop
Verification Loop
Verification Loop
Verification Loop
Verification Loop
Verification Loop
Verification Loop
Verification Loop
Verification Loop
Verification Loop
Verification Loop
Verification Loop
Verification Loop
Verification Loop
Verification Loop
Verification Loop
Verification Loop
Verification Loop
Verification Loop
Verification Loop
Verification Loop
Verification Loop
Verification Loop
Verification Loop
Verification Loop
Verification Loop
Verification Loop
Verification Loop
Verification Loop
Verification Loop
Verification Loop
Verification Loop
Verification Loop
Verification Loop
Verification Loop
Verification Loop
Verification Loop
Verification Loop
Verification Loop
Verification Loop
Verification Loop
Verification Loop
Verification Loop
Verification Loop
Verification Loop
Verification Loop
Verification Loop
Verification Loop
Verification Loop
Verification Loop
Verification Loop
Verification Loop
Verification Loop
Verification Loop
Verification Loop
Verification Loop
Verification Loop
Verification Loop
Verification Loop
Verification Loop
Verification Loop
Verification Loop
Verification Loop
Verification Loop
Verification Loop
Verification Loop
Verification Loop
Verification Loop
Verification Loop
Verification Loop
Verification Loop
Verification Loop
Verification Loop
Verification Loop
Verification Loop
Verification Loop
Verification Loop
Verification Loop
Verification Loop
Verification Loop
Verification Loop
Verification Loop
Verification Loop
Verification Loop
Verification Loop
Verification Loop
Verification Loop
Verification Loop
Verification Loop
Verification Loop
Verification Loop
Verification Loop
Verification Loop
Verification Loop
Verification Loop
Verification Loop
Verification Loop
Verification Loop
Verification Loop
Verification Loop
Verification Loop
Verification Loop
Verification Loop
Verification Loop
Verification Loop
Verification Loop
Verification Loop
Verification Loop
Verification Loop
Verification Loop
Verification Loop
Verification Loop
Verification Loop
Verification Loop
Verification Loop
Verification Loop
Verification Loop
Verification Loop
Verification Loop
Verification Loop
Verification Loop
Verification Loop
Verification Loop
Verification Loop
Verification Loop
Verification Loop
Verification Loop
Verification Loop
Verification Loop
Verification Loop
Verification Loop
Verification Loop
Verification Loop
Verification Loop
Verification Loop
Verification Loop
Verification Loop
Verification Loop
Verification Loop
Verification Loop
Verification Loop
Verification Loop
Verification Loop
Verification Loop
Verification Loop
Verification Loop
Verification Loop
Verification Loop
Verification Loop
Verification Loop
Verification Loop
Verification Loop
Verification Loop
Verification Loop
Verification Loop
Verification Loop
Verification Loop
Verification Loop
Verification Loop
Verification Loop
Verification Loop
Verification Loop
Verification Loop
Verification Loop
Verification Loop
Verification Loop
Verification Loop
Verification Loop
Verification Loop
Verification Loop
Verification Loop
Verification Loop
Verification Loop
Verification Loop
Verification Loop
Verification Loop
Verification Loop
Verification Loop
Verification Loop
Verification Loop
Verification Loop
Verification Loop
Verification Loop
Verification Loop
Verification Loop
Verification Loop
Verification Loop
Verification Loop
Verification Loop
Verification Loop
Verification Loop
Verification Loop
Verification Loop
Verification Loop
Verification Loop
Verification Loop
Verification Loop
Verification Loop
Verification Loop
Verification Loop
Verification Loop
Verification Loop
Verification Loop
Verification Loop
Verification Loop
Verification Loop
Verification Loop
Verification Loop
Verification Loop
Verification Loop
Verification Loop
Verification Loop
Verification Loop
Verification Loop
Verification Loop
Verification Loop
Verification Loop
Verification Loop
Verification Loop
Verification Loop
Verification Loop
Verification Loop
Verification Loop
Verification Loop
Verification Loop
Verification Loop
Verifying Aadhar 393316346449
{'captchaId': '66460368914', 'code': 'prp4j'}
sleep prp4j
wrong code
{'captchaId': '66460377403', 'code': 'mzWzI'}
sleep mzWzI
Aadhar Verified
Verification Loop
Verification Loop
Verification Loop
Verification Loop
Verification Loop
Verification Loop
Verification Loop
Verification Loop
Verification Loop
Verification Loop
Verification Loop
Verification Loop
Verification Loop
Verification Loop
Verification Loop
Verification Loop
Verification Loop
Verification Loop
Verification Loop
Verification Loop
Verification Loop
Verification Loop
Verification Loop
Verification Loop
Verification Loop
Verification Loop
Verification Loop
Verification Loop
Verification Loop
Verification Loop
Verification Loop
Verification Loop
Verification Loop
Verification Loop
Verification Loop
Verification Loop
Verification Loop
Verification Loop
Verification Loop
Verification Loop
Verification Loop
Verification Loop
Verification Loop
Verification Loop
Verification Loop
Verification Loop
Verification Loop
Verification Loop
Verification Loop
Verification Loop
Verification Loop
Verification Loop
Verification Loop
Verification Loop
Verification Loop
Verification Loop
Verification Loop
Verification Loop
Verification Loop
Verification Loop
Verification Loop
Verification Loop
Verification Loop
Verification Loop
Verification Loop
Verification Loop
Verification Loop
Verification Loop
Verification Loop
Verification Loop
Verification Loop
Verification Loop
Verification Loop
Verification Loop
Verification Loop
Verification Loop
Verification Loop
Verification Loop
Verification Loop
Verification Loop
Verification Loop
Verification Loop
Verification Loop
Verification Loop
Verification Loop
Verification Loop
Verification Loop
Verification Loop
Verification Loop
Verification Loop
Verification Loop
Verification Loop
Verification Loop
Verification Loop
Verification Loop
Verification Loop
Verification Loop
Verification Loop
Verification Loop
Verification Loop
Verification Loop
Verification Loop
Verification Loop
Verification Loop
Verification Loop
Verification Loop
Verification Loop
Verification Loop
Verification Loop
Verification Loop
Verification Loop
Verification Loop
Verification Loop
Verification Loop
Verification Loop
Verification Loop
Verification Loop
Verification Loop
Verification Loop
Verification Loop
Verification Loop
Verification Loop
Verification Loop
Verification Loop
Verification Loop
Verification Loop
Verification Loop
Verification Loop
Verification Loop
Verification Loop
Verification Loop
Verification Loop
Verification Loop
Verification Loop
Verification Loop
Verification Loop
Verification Loop
Verification Loop
Verification Loop
Verification Loop
Verification Loop
Verification Loop
Verification Loop
Verification Loop
Verification Loop
Verification Loop
Verification Loop
Verification Loop
Verification Loop
Verification Loop
Verification Loop
Verification Loop
Verification Loop
Verification Loop
Verification Loop
Verification Loop
Verification Loop
Verification Loop
Verification Loop
Verification Loop
Verification Loop
Verification Loop
Verification Loop
Verification Loop
Verification Loop
Verification Loop
Verification Loop
Verification Loop
Verification Loop
Verification Loop
Verification Loop
Verification Loop
Verification Loop
Verification Loop
Verification Loop
Verification Loop
Verification Loop
Verification Loop
Verification Loop
Verification Loop
Verification Loop
Verification Loop
Verification Loop
Verification Loop
Verification Loop
Verification Loop
Verification Loop
Verification Loop
Verification Loop
Verification Loop
Verification Loop
Verification Loop
Verification Loop
Verification Loop
Verification Loop
Verification Loop
Verification Loop
Verification Loop
Verification Loop
Verification Loop
Verification Loop
Verification Loop
Verification Loop
Verification Loop
Verification Loop
Verification Loop
Verification Loop
Verification Loop
Verification Loop
Verification Loop
Verification Loop
Verification Loop
Verification Loop
Verification Loop
Verification Loop
Verification Loop
Verification Loop
Verification Loop
Verification Loop
Verification Loop
Verification Loop
Verification Loop
Verification Loop
Verification Loop
Verification Loop
Verification Loop
Verification Loop
Verification Loop
Verification Loop
Verification Loop
Verification Loop
Verification Loop
Verification Loop
Verification Loop
Verification Loop
Verification Loop
Verification Loop
Verification Loop
Verification Loop
Verification Loop
Verification Loop
Verification Loop
Verification Loop
Verification Loop
Verification Loop
Verification Loop
Verification Loop
Verification Loop
Verification Loop
Verification Loop
Verification Loop
Verification Loop
Verification Loop
Verification Loop
Verification Loop
Verification Loop
Verification Loop
Verification Loop
Verification Loop
Verification Loop
Verification Loop
Verification Loop
Verification Loop
Verification Loop
Verification Loop
Verification Loop
Verification Loop
Verification Loop
Verification Loop
Verification Loop
Verification Loop
Verification Loop
Verification Loop
Verification Loop
Verification Loop
Verification Loop
Verification Loop
Verification Loop
Verification Loop
Verification Loop
Verification Loop
Verification Loop
Verification Loop
Verification Loop
Verification Loop
Verification Loop
Verification Loop
Verification Loop
Verification Loop
Verification Loop
Verification Loop
Verification Loop
Verification Loop
Verification Loop
Verification Loop
Verification Loop
Verification Loop
Verification Loop
Verification Loop
Verification Loop
Verification Loop
Verification Loop
Verification Loop
Verification Loop
Verification Loop
Verification Loop
Verification Loop
Verification Loop
Verification Loop
Verification Loop
Verification Loop
Verification Loop
Verification Loop
Verification Loop
Verification Loop
Verification Loop
Verification Loop
Verification Loop
Verification Loop
Verification Loop
Verification Loop
Verification Loop
Verification Loop
Verification Loop
Verification Loop
Verification Loop
Verification Loop
Verification Loop
Verification Loop
Verification Loop
Verification Loop
Verification Loop
Verification Loop
Verification Loop
Verification Loop
Verification Loop
Verification Loop
Verification Loop
Verification Loop
Verification Loop
Verification Loop
Verification Loop
Verification Loop
Verification Loop
Verification Loop
Verification Loop
Verification Loop
Verification Loop
Verification Loop
Verification Loop
Verification Loop
Verification Loop
Verification Loop
Verification Loop
Verification Loop
Verification Loop
Verification Loop
Verification Loop
Verification Loop
Verification Loop
Verification Loop
Verification Loop
Verification Loop
Verification Loop
Verification Loop
Verification Loop
Verification Loop
Verification Loop
Verification Loop
Verification Loop
Verification Loop
Verification Loop
Verification Loop
Verification Loop
Verification Loop
Verification Loop
Verification Loop
Verification Loop
Verification Loop
Verification Loop
Verification Loop
Verification Loop
Verification Loop
Verification Loop
Verification Loop
Verification Loop
Verification Loop
Verification Loop
Verification Loop
Verification Loop
Verification Loop
Verification Loop
Verification Loop
Verification Loop
Verification Loop
Verification Loop
Verification Loop
Verification Loop
Verification Loop
Verification Loop
Verification Loop
Verification Loop
Verification Loop
Verification Loop
Verification Loop
Verification Loop
Verification Loop
Verification Loop
Verification Loop
Verification Loop
Verification Loop
Verification Loop
Verification Loop
Verification Loop
Verification Loop
Verification Loop
Verification Loop
Verification Loop
Verification Loop
Verification Loop
Verification Loop
Verification Loop
Verification Loop
Verification Loop
Verification Loop
Verification Loop
Verification Loop
Verification Loop
Verification Loop
Verification Loop
Verification Loop
Verification Loop
Verification Loop
Verification Loop
Verification Loop
Verification Loop
Verification Loop
Verification Loop
Verification Loop
Verification Loop
Verification Loop
Verification Loop
Verification Loop
Verification Loop
Verification Loop
Verification Loop
Verification Loop
Verification Loop
Verification Loop
Verification Loop
Verification Loop
Verification Loop
Verification Loop
Verification Loop
Verification Loop
Verification Loop
Verification Loop
Verification Loop
Verification Loop
Verification Loop
Verification Loop
Verification Loop
Verification Loop
Verification Loop
Verification Loop
Verification Loop
Verification Loop
Verification Loop
Verification Loop
Verification Loop
Verification Loop
Verification Loop
Verification Loop
Verification Loop
Verification Loop
Verification Loop
Verification Loop
Verification Loop
Verification Loop
Verification Loop
Verification Loop
Verification Loop
Verification Loop
Verification Loop
Verification Loop
Verification Loop
Verification Loop
Verification Loop
Verification Loop
Verification Loop
Verification Loop
Verification Loop
Verification Loop
Verification Loop
Verification Loop
Verification Loop
Verification Loop
Verification Loop
Verification Loop
Verification Loop
Verification Loop
Verification Loop
Verification Loop
Verification Loop
Verification Loop
Verification Loop
Verification Loop
Verification Loop
Verification Loop
Verification Loop
Verification Loop
Verification Loop
Verification Loop
Verification Loop
Verification Loop
Verification Loop
Verification Loop
Verification Loop
Verification Loop
Verification Loop
Verification Loop
Verification Loop
Verification Loop
Verification Loop
Verification Loop
Verification Loop
Verification Loop
Verification Loop
Verification Loop
Verification Loop
Verification Loop
Verification Loop
Verification Loop
Verification Loop
Verification Loop
Verification Loop
Verification Loop
Verification Loop
Verification Loop
Verification Loop
Verification Loop
Verification Loop
Verification Loop
Verification Loop
Verification Loop
Verification Loop
Verification Loop
Verification Loop
Verification Loop
Verification Loop
Verification Loop
Verification Loop
Verification Loop
Verification Loop
Verification Loop
Verification Loop
Verification Loop
Verification Loop
Verification Loop
Verification Loop
Verification Loop
Verification Loop
Verification Loop
Verification Loop
Verification Loop
Verification Loop
Verification Loop
Verification Loop
Verification Loop
Verification Loop
Verification Loop
Verification Loop
Verification Loop
Verification Loop
Verification Loop
Verification Loop
Verification Loop
Verification Loop
Verification Loop
Verification Loop
Verification Loop
Verification Loop
Verification Loop
Verification Loop
Verification Loop
Verification Loop
Verification Loop
Verification Loop
Verification Loop
Verification Loop
Verification Loop
Verification Loop
Verification Loop
Verification Loop
Verification Loop
Verification Loop
Verification Loop
Verification Loop
Verification Loop
Verification Loop
Verification Loop
Verification Loop
Verification Loop
Verification Loop
Verification Loop
Verification Loop
Verification Loop
Verification Loop
Verification Loop
Verification Loop
Verification Loop
Verification Loop
Verification Loop
Verification Loop
Verification Loop
Verification Loop
Verification Loop
Verification Loop
Verification Loop
Verification Loop
Verification Loop
Verification Loop
Verification Loop
Verification Loop
Verification Loop
Verification Loop
Verification Loop
Verification Loop
Verification Loop
Verification Loop
Verification Loop
Verification Loop
Verification Loop
Verification Loop
Verification Loop
Verification Loop
Verification Loop
Verification Loop
Verification Loop
Verification Loop
Verification Loop
Verification Loop
Verification Loop
Verification Loop
Verification Loop
Verification Loop
Verification Loop
Verification Loop
Verification Loop
Verification Loop
Verification Loop
Verification Loop
Verification Loop
Verification Loop
Verification Loop
Verification Loop
Verification Loop
Verification Loop
Verification Loop
Verification Loop
Verification Loop
Verification Loop
Verification Loop
Verification Loop
Verification Loop
Verification Loop
Verification Loop
Verification Loop
Verification Loop
Verification Loop
Verification Loop
Verification Loop
Verification Loop
Verification Loop
Verification Loop
Verification Loop
Verification Loop
Verification Loop
Verification Loop
Verification Loop
Verification Loop
Verification Loop
Verification Loop
Verification Loop
Verification Loop
Verification Loop
Verification Loop
Verification Loop
Verification Loop
Verification Loop
Verification Loop
Verification Loop
Verification Loop
Verification Loop
Verification Loop
Verification Loop
Verification Loop
Verification Loop
Verification Loop
Verification Loop
Verification Loop
Verification Loop
Verification Loop
Verification Loop
Verification Loop
Verification Loop
Verification Loop
Verification Loop
Verification Loop
Verification Loop
Verification Loop
Verification Loop
Verification Loop
Verification Loop
Verification Loop
Verification Loop
Verification Loop
Verification Loop
Verification Loop
Verification Loop
Verification Loop
Verification Loop
Verification Loop
Verification Loop
Verification Loop
Verification Loop
Verification Loop
Verification Loop
Verification Loop
Verification Loop
Verification Loop
Verification Loop
Verification Loop
Verification Loop
Verification Loop
Verification Loop
Verification Loop
Verification Loop
Verification Loop
Verification Loop
Verification Loop
Verification Loop
Verification Loop
Verification Loop
Verification Loop
Verification Loop
Verification Loop
Verification Loop
Verification Loop
Verification Loop
Verification Loop
Verification Loop
Verification Loop
Verification Loop
Verification Loop
Verification Loop
Verification Loop
Verification Loop
Verification Loop
Verification Loop
Verification Loop
Verification Loop
Verification Loop
Verification Loop
Verification Loop
Verification Loop
Verification Loop
Verification Loop
Verification Loop
Verification Loop
Verification Loop
Verification Loop
Verification Loop
Verification Loop
Verification Loop
Verification Loop
Verification Loop
Verification Loop
Verification Loop
Verification Loop
Verification Loop
Verification Loop
Verification Loop
Verification Loop
Verification Loop
Verification Loop
Verification Loop
Verification Loop
Verification Loop
Verification Loop
Verification Loop
Verification Loop
Verification Loop
Verification Loop
Verification Loop
Verification Loop
Verification Loop
Verification Loop
Verification Loop
Verification Loop
Verification Loop
Verification Loop
Verification Loop
Verification Loop
Verification Loop
Verification Loop
Verification Loop
Verification Loop
Verification Loop
Verification Loop
Verification Loop
Verification Loop
Verification Loop
Verification Loop
Verification Loop
Verification Loop
Verification Loop
Verification Loop
Verification Loop
Verification Loop
Verification Loop
Verification Loop
Verification Loop
Verification Loop
Verification Loop
Verification Loop
Verification Loop
Verification Loop
Verification Loop
Verification Loop
Verification Loop
Verification Loop
Verification Loop
Verification Loop
Verification Loop
Verification Loop
Verification Loop
Verification Loop
Verification Loop
Verification Loop
Verification Loop
Verification Loop
Verification Loop
Verification Loop
Verification Loop
Verification Loop
Verification Loop
Verification Loop
Verification Loop
Verification Loop
Verification Loop
Verification Loop
Verification Loop
Verification Loop
Verification Loop
Verification Loop
Verification Loop
Verification Loop
Verification Loop
Verification Loop
Verification Loop
Verification Loop
Verification Loop
Verification Loop
Verification Loop
Verification Loop
Verification Loop
Verification Loop
Verification Loop
Verification Loop
Verification Loop
Verification Loop
Verification Loop
Verification Loop
Verification Loop
Verification Loop
Verification Loop
Verification Loop
Verification Loop
Verification Loop
Verification Loop
Verification Loop
Verification Loop
Verification Loop
Verification Loop
Verification Loop
Verification Loop
Verification Loop
Verification Loop
Verification Loop
Verification Loop
Verification Loop
Verification Loop
Verification Loop
Verification Loop
Verification Loop
Verification Loop
Verification Loop
Verification Loop
Verification Loop
Verification Loop
Verification Loop
Verification Loop
Verification Loop
Verification Loop
Verification Loop
Verification Loop
Verification Loop
Verification Loop
Verification Loop
Verification Loop
Verification Loop
Verification Loop
Verification Loop
Verification Loop
Verification Loop
Verification Loop
Verification Loop
Verification Loop
Verification Loop
Verification Loop
Verification Loop
Verification Loop
Verification Loop
Verification Loop
Verification Loop
Verification Loop
Verification Loop
Verification Loop
Verification Loop
Verification Loop
Verification Loop
Verification Loop
Verification Loop
Verification Loop
Verification Loop
Verification Loop
Verification Loop
Verification Loop
Verification Loop
Verification Loop
Verification Loop
Verification Loop
Verification Loop
Verification Loop
Verification Loop
Verification Loop
Verification Loop
Verification Loop
Verification Loop
Verification Loop
Verification Loop
Verification Loop
Verification Loop
Verification Loop
Verification Loop
Verification Loop
Verification Loop
